<?xml version="1.0" encoding="UTF-8"?>
<!-- Generated by org.testng.reporters.JUnitReportReporter -->
<testsuite hostname="DESKTOP-3BU923C" failures="0" tests="1" name="Pac_facebook.FB_join" time="28.038" errors="0" timestamp="2022-08-02T11:55:00 IST" skipped="0">
  <testcase classname="Pac_facebook.FB_join" name="runFacebook" time="28.038"/>
  <system-out/>
</testsuite> <!-- Pac_facebook.FB_join -->
